<?xml version="1.0" encoding="utf-8"?><testsuite errors="0" failures="0" name="pytest" skips="0" tests="11" time="0.131"><testcase classname="unittest_dev" file="unittest_dev.py" line="17" name="test_search_specific_element_normal_case" time="0.0014967918396"></testcase><testcase classname="unittest_dev" file="unittest_dev.py" line="36" name="test_search_specific_element_abnormal_case" time="0.00104117393494"><system-out>KeyError(&apos;name&apos;,)
</system-out></testcase><testcase classname="unittest_dev" file="unittest_dev.py" line="48" name="test_find_field_from_response_normal_case_1" time="0.000967264175415"></testcase><testcase classname="unittest_dev" file="unittest_dev.py" line="85" name="test_find_field_from_response_normal_case_2" time="0.000916242599487"></testcase><testcase classname="unittest_dev" file="unittest_dev.py" line="117" name="test_find_field_from_response_abnormal_case" time="0.0010199546814"><system-out>TypeError(&quot;&apos;NoneType&apos; object has no attribute &apos;__getitem__&apos;&quot;,)
</system-out></testcase><testcase classname="unittest_dev" file="unittest_dev.py" line="124" name="test_remove_ignored_element_normal_case_1" time="0.00114917755127"></testcase><testcase classname="unittest_dev" file="unittest_dev.py" line="149" name="test_remove_ignored_element_normal_case_2" time="0.00099778175354"></testcase><testcase classname="unittest_dev" file="unittest_dev.py" line="174" name="test_remove_ignored_element_abnormal_case_1" time="0.000859260559082"></testcase><testcase classname="unittest_dev" file="unittest_dev.py" line="192" name="test_remove_ignored_element_abnormal_case_2" time="0.000891923904419"></testcase><testcase classname="unittest_dev" file="unittest_dev.py" line="205" name="test_compare_normal_case_1" time="0.000918865203857"></testcase><testcase classname="unittest_dev" file="unittest_dev.py" line="285" name="test_compare_normal_case_2" time="0.000932931900024"></testcase></testsuite>